[2026-05-12 02:43:29.186] FM Freq: 76.5 MHz (FM COCOLO)
[2026-05-12 02:43:29.189] RSSI: -64 dBm
[2026-05-12 02:43:29.189] [DEBUG] DSP(KT0913) All Register Read Dump:
[2026-05-12 02:43:29.189] [DEBUG] Reg[0x01]: 0x4B54
[2026-05-12 02:43:29.189] [DEBUG] Reg[0x02]: 0x0007
[2026-05-12 02:43:29.189] [DEBUG] Reg[0x03]: 0x05FA
[2026-05-12 02:43:29.189] [DEBUG] Reg[0x04]: 0xE380
[2026-05-12 02:43:29.192] [DEBUG] Reg[0x05]: 0x1000
[2026-05-12 02:43:29.192] [DEBUG] Reg[0x0A]: 0x0004
[2026-05-12 02:43:29.192] [DEBUG] Reg[0x0C]: 0x3D2C
[2026-05-12 02:43:29.192] [DEBUG] Reg[0x0F]: 0x880F
[2026-05-12 02:43:29.192] [DEBUG] Reg[0x12]: 0xDC58
[2026-05-12 02:43:29.192] [DEBUG] Reg[0x13]: 0x05FA
[2026-05-12 02:43:29.195] [DEBUG] Reg[0x14]: 0xA48F
[2026-05-12 02:43:29.195] [DEBUG] Reg[0x16]: 0x1002
[2026-05-12 02:43:29.195] [DEBUG] Reg[0x17]: 0x01F8
[2026-05-12 02:43:29.195] [DEBUG] Reg[0x18]: 0x1FEF
[2026-05-12 02:43:29.195] [DEBUG] Reg[0x1D]: 0x0000
[2026-05-12 02:43:29.195] [DEBUG] Reg[0x22]: 0xAF04
[2026-05-12 02:43:29.195] [DEBUG] Reg[0x24]: 0x0000
[2026-05-12 02:43:29.195] [DEBUG] Reg[0x25]: 0x9200
[2026-05-12 02:43:29.195] [DEBUG] Reg[0x2E]: 0x0010
[2026-05-12 02:43:29.195] [DEBUG] Reg[0x2F]: 0x08FC
[2026-05-12 02:43:29.195] [DEBUG] Reg[0x30]: 0x0078
[2026-05-12 02:43:29.195] [DEBUG] Reg[0x31]: 0x01F4
[2026-05-12 02:43:29.195] [DEBUG] Reg[0x33]: 0x1401
[2026-05-12 02:43:29.195] [DEBUG] Reg[0x34]: 0x4050
[2026-05-12 02:43:29.195] [DEBUG] Reg[0x3A]: 0x0D0D
[2026-05-12 02:43:29.200] [DEBUG] Reg[0x3C]: 0x2702
[2026-05-12 02:43:30.464] FM Freq: 80.2 MHz (FM802)
[2026-05-12 02:43:30.467] RSSI: -64 dBm
[2026-05-12 02:43:30.467] [DEBUG] DSP(KT0913) All Register Read Dump:
[2026-05-12 02:43:30.467] [DEBUG] Reg[0x01]: 0x4B54
[2026-05-12 02:43:30.467] [DEBUG] Reg[0x02]: 0x0007
[2026-05-12 02:43:30.467] [DEBUG] Reg[0x03]: 0x0644
[2026-05-12 02:43:30.470] [DEBUG] Reg[0x04]: 0xE380
[2026-05-12 02:43:30.470] [DEBUG] Reg[0x05]: 0x1000
[2026-05-12 02:43:30.470] [DEBUG] Reg[0x0A]: 0x0001
[2026-05-12 02:43:30.470] [DEBUG] Reg[0x0C]: 0x092C
[2026-05-12 02:43:30.470] [DEBUG] Reg[0x0F]: 0x880F
[2026-05-12 02:43:30.470] [DEBUG] Reg[0x12]: 0xD860
[2026-05-12 02:43:30.471] [DEBUG] Reg[0x13]: 0x0644
[2026-05-12 02:43:30.471] [DEBUG] Reg[0x14]: 0xA10F
[2026-05-12 02:43:30.471] [DEBUG] Reg[0x16]: 0x1002
[2026-05-12 02:43:30.471] [DEBUG] Reg[0x17]: 0x01F8
[2026-05-12 02:43:30.473] [DEBUG] Reg[0x18]: 0x1FEF
[2026-05-12 02:43:30.473] [DEBUG] Reg[0x1D]: 0x0000
[2026-05-12 02:43:30.473] [DEBUG] Reg[0x22]: 0xAF04
[2026-05-12 02:43:30.473] [DEBUG] Reg[0x24]: 0x0000
[2026-05-12 02:43:30.474] [DEBUG] Reg[0x25]: 0x9500
[2026-05-12 02:43:30.474] [DEBUG] Reg[0x2E]: 0x0010
[2026-05-12 02:43:30.474] [DEBUG] Reg[0x2F]: 0x08FC
[2026-05-12 02:43:30.476] [DEBUG] Reg[0x30]: 0x0078
[2026-05-12 02:43:30.476] [DEBUG] Reg[0x31]: 0x01F4
[2026-05-12 02:43:30.476] [DEBUG] Reg[0x33]: 0x1401
[2026-05-12 02:43:30.476] [DEBUG] Reg[0x34]: 0x4050
[2026-05-12 02:43:30.477] [DEBUG] Reg[0x3A]: 0x0D0D
[2026-05-12 02:43:30.477] [DEBUG] Reg[0x3C]: 0x2701
[2026-05-12 02:43:30.992] FM Freq: 85.1 MHz (FM 大坂)
[2026-05-12 02:43:30.992] RSSI: -70 dBm
[2026-05-12 02:43:30.992] [DEBUG] DSP(KT0913) All Register Read Dump:
[2026-05-12 02:43:30.992] [DEBUG] Reg[0x01]: 0x4B54
[2026-05-12 02:43:30.992] [DEBUG] Reg[0x02]: 0x0007
[2026-05-12 02:43:30.992] [DEBUG] Reg[0x03]: 0x06A6
[2026-05-12 02:43:30.999] [DEBUG] Reg[0x04]: 0xE380
[2026-05-12 02:43:30.999] [DEBUG] Reg[0x05]: 0x1000
[2026-05-12 02:43:30.999] [DEBUG] Reg[0x0A]: 0x003D
[2026-05-12 02:43:30.999] [DEBUG] Reg[0x0C]: 0x302C
[2026-05-12 02:43:30.999] [DEBUG] Reg[0x0F]: 0x880F
[2026-05-12 02:43:30.999] [DEBUG] Reg[0x12]: 0xDC50
[2026-05-12 02:43:31.004] [DEBUG] Reg[0x13]: 0x06A6
[2026-05-12 02:43:31.004] [DEBUG] Reg[0x14]: 0xA34F
[2026-05-12 02:43:31.004] [DEBUG] Reg[0x16]: 0x1002
[2026-05-12 02:43:31.004] [DEBUG] Reg[0x17]: 0x01F8
[2026-05-12 02:43:31.004] [DEBUG] Reg[0x18]: 0x1FEF
[2026-05-12 02:43:31.004] [DEBUG] Reg[0x1D]: 0x0000
[2026-05-12 02:43:31.004] [DEBUG] Reg[0x22]: 0xAF04
[2026-05-12 02:43:31.007] [DEBUG] Reg[0x24]: 0x0000
[2026-05-12 02:43:31.007] [DEBUG] Reg[0x25]: 0x8300
[2026-05-12 02:43:31.007] [DEBUG] Reg[0x2E]: 0x0010
[2026-05-12 02:43:31.007] [DEBUG] Reg[0x2F]: 0x08FC
[2026-05-12 02:43:31.007] [DEBUG] Reg[0x30]: 0x0078
[2026-05-12 02:43:31.007] [DEBUG] Reg[0x31]: 0x01F4
[2026-05-12 02:43:31.009] [DEBUG] Reg[0x33]: 0x1401
[2026-05-12 02:43:31.009] [DEBUG] Reg[0x34]: 0x4050
[2026-05-12 02:43:31.009] [DEBUG] Reg[0x3A]: 0x0D0D
[2026-05-12 02:43:31.009] [DEBUG] Reg[0x3C]: 0x27FE
[2026-05-12 02:43:31.479] FM Freq: 88.1 MHz (NHK FM OSAKA)
[2026-05-12 02:43:31.485] RSSI: -70 dBm
[2026-05-12 02:43:31.485] [DEBUG] DSP(KT0913) All Register Read Dump:
[2026-05-12 02:43:31.485] [DEBUG] Reg[0x01]: 0x4B54
[2026-05-12 02:43:31.485] [DEBUG] Reg[0x02]: 0x0007
[2026-05-12 02:43:31.485] [DEBUG] Reg[0x03]: 0x06E2
[2026-05-12 02:43:31.485] [DEBUG] Reg[0x04]: 0xE380
[2026-05-12 02:43:31.485] [DEBUG] Reg[0x05]: 0x1000
[2026-05-12 02:43:31.487] [DEBUG] Reg[0x0A]: 0x003E
[2026-05-12 02:43:31.487] [DEBUG] Reg[0x0C]: 0x132C
[2026-05-12 02:43:31.487] [DEBUG] Reg[0x0F]: 0x880F
[2026-05-12 02:43:31.487] [DEBUG] Reg[0x12]: 0xD850
[2026-05-12 02:43:31.487] [DEBUG] Reg[0x13]: 0x06E2
[2026-05-12 02:43:31.487] [DEBUG] Reg[0x14]: 0xA38F
[2026-05-12 02:43:31.487] [DEBUG] Reg[0x16]: 0x1002
[2026-05-12 02:43:31.487] [DEBUG] Reg[0x17]: 0x01F8
[2026-05-12 02:43:31.489] [DEBUG] Reg[0x18]: 0x1FEF
[2026-05-12 02:43:31.489] [DEBUG] Reg[0x1D]: 0x0000
[2026-05-12 02:43:31.489] [DEBUG] Reg[0x22]: 0xAF04
[2026-05-12 02:43:31.489] [DEBUG] Reg[0x24]: 0x0000
[2026-05-12 02:43:31.489] [DEBUG] Reg[0x25]: 0x8E00
[2026-05-12 02:43:31.491] [DEBUG] Reg[0x2E]: 0x0010
[2026-05-12 02:43:31.491] [DEBUG] Reg[0x2F]: 0x08FC
[2026-05-12 02:43:31.491] [DEBUG] Reg[0x30]: 0x0078
[2026-05-12 02:43:31.491] [DEBUG] Reg[0x31]: 0x01F4
[2026-05-12 02:43:31.491] [DEBUG] Reg[0x33]: 0x1401
[2026-05-12 02:43:31.492] [DEBUG] Reg[0x34]: 0x4050
[2026-05-12 02:43:31.492] [DEBUG] Reg[0x3A]: 0x0D0D
[2026-05-12 02:43:31.492] [DEBUG] Reg[0x3C]: 0x27FD
[2026-05-12 02:43:32.042] FM Freq: 89.4 MHz (a-STATION)
[2026-05-12 02:43:32.042] RSSI: -64 dBm
[2026-05-12 02:43:32.042] [DEBUG] DSP(KT0913) All Register Read Dump:
[2026-05-12 02:43:32.042] [DEBUG] Reg[0x01]: 0x4B54
[2026-05-12 02:43:32.042] [DEBUG] Reg[0x02]: 0x0007
[2026-05-12 02:43:32.042] [DEBUG] Reg[0x03]: 0x06FC
[2026-05-12 02:43:32.042] [DEBUG] Reg[0x04]: 0xE380
[2026-05-12 02:43:32.049] [DEBUG] Reg[0x05]: 0x1000
[2026-05-12 02:43:32.049] [DEBUG] Reg[0x0A]: 0x003C
[2026-05-12 02:43:32.049] [DEBUG] Reg[0x0C]: 0x102C
[2026-05-12 02:43:32.049] [DEBUG] Reg[0x0F]: 0x880F
[2026-05-12 02:43:32.049] [DEBUG] Reg[0x12]: 0xD860
[2026-05-12 02:43:32.049] [DEBUG] Reg[0x13]: 0x06FC
[2026-05-12 02:43:32.049] [DEBUG] Reg[0x14]: 0xA20F
[2026-05-12 02:43:32.049] [DEBUG] Reg[0x16]: 0x1002
[2026-05-12 02:43:32.049] [DEBUG] Reg[0x17]: 0x01F8
[2026-05-12 02:43:32.049] [DEBUG] Reg[0x18]: 0x1FEF
[2026-05-12 02:43:32.049] [DEBUG] Reg[0x1D]: 0x0000
[2026-05-12 02:43:32.049] [DEBUG] Reg[0x22]: 0xAF04
[2026-05-12 02:43:32.054] [DEBUG] Reg[0x24]: 0x0000
[2026-05-12 02:43:32.054] [DEBUG] Reg[0x25]: 0x9500
[2026-05-12 02:43:32.054] [DEBUG] Reg[0x2E]: 0x0010
[2026-05-12 02:43:32.054] [DEBUG] Reg[0x2F]: 0x08FC
[2026-05-12 02:43:32.054] [DEBUG] Reg[0x30]: 0x0078
[2026-05-12 02:43:32.056] [DEBUG] Reg[0x31]: 0x01F4
[2026-05-12 02:43:32.056] [DEBUG] Reg[0x33]: 0x1401
[2026-05-12 02:43:32.056] [DEBUG] Reg[0x34]: 0x4050
[2026-05-12 02:43:32.056] [DEBUG] Reg[0x3A]: 0x0D0D
[2026-05-12 02:43:32.056] [DEBUG] Reg[0x3C]: 0x27FC
[2026-05-12 02:43:32.581] FM Freq: 89.9 MHz (Kiss FM KOBE)
[2026-05-12 02:43:32.586] RSSI: -64 dBm
[2026-05-12 02:43:32.586] [DEBUG] DSP(KT0913) All Register Read Dump:
[2026-05-12 02:43:32.586] [DEBUG] Reg[0x01]: 0x4B54
[2026-05-12 02:43:32.586] [DEBUG] Reg[0x02]: 0x0007
[2026-05-12 02:43:32.586] [DEBUG] Reg[0x03]: 0x0706
[2026-05-12 02:43:32.589] [DEBUG] Reg[0x04]: 0xE380
[2026-05-12 02:43:32.589] [DEBUG] Reg[0x05]: 0x1000
[2026-05-12 02:43:32.589] [DEBUG] Reg[0x0A]: 0x0004
[2026-05-12 02:43:32.589] [DEBUG] Reg[0x0C]: 0x152C
[2026-05-12 02:43:32.589] [DEBUG] Reg[0x0F]: 0x880F
[2026-05-12 02:43:32.589] [DEBUG] Reg[0x12]: 0xDC60
[2026-05-12 02:43:32.589] [DEBUG] Reg[0x13]: 0x0706
[2026-05-12 02:43:32.589] [DEBUG] Reg[0x14]: 0xA30F
[2026-05-12 02:43:32.589] [DEBUG] Reg[0x16]: 0x1002
[2026-05-12 02:43:32.589] [DEBUG] Reg[0x17]: 0x01F8
[2026-05-12 02:43:32.589] [DEBUG] Reg[0x18]: 0x1FEF
[2026-05-12 02:43:32.591] [DEBUG] Reg[0x1D]: 0x0000
[2026-05-12 02:43:32.591] [DEBUG] Reg[0x22]: 0xAF04
[2026-05-12 02:43:32.591] [DEBUG] Reg[0x24]: 0x0000
[2026-05-12 02:43:32.591] [DEBUG] Reg[0x25]: 0x9500
[2026-05-12 02:43:32.591] [DEBUG] Reg[0x2E]: 0x0010
[2026-05-12 02:43:32.592] [DEBUG] Reg[0x2F]: 0x08FC
[2026-05-12 02:43:32.592] [DEBUG] Reg[0x30]: 0x0078
[2026-05-12 02:43:32.592] [DEBUG] Reg[0x31]: 0x01F4
[2026-05-12 02:43:32.592] [DEBUG] Reg[0x33]: 0x1401
[2026-05-12 02:43:32.592] [DEBUG] Reg[0x34]: 0x4050
[2026-05-12 02:43:32.596] [DEBUG] Reg[0x3A]: 0x0D0D
[2026-05-12 02:43:32.596] [DEBUG] Reg[0x3C]: 0x2704
[2026-05-12 02:43:33.125] FM Freq: 90.6 MHz (MBSラジオ)
[2026-05-12 02:43:33.131] RSSI: -61 dBm
[2026-05-12 02:43:33.131] [DEBUG] DSP(KT0913) All Register Read Dump:
[2026-05-12 02:43:33.131] [DEBUG] Reg[0x01]: 0x4B54
[2026-05-12 02:43:33.131] [DEBUG] Reg[0x02]: 0x0007
[2026-05-12 02:43:33.131] [DEBUG] Reg[0x03]: 0x0714
[2026-05-12 02:43:33.133] [DEBUG] Reg[0x04]: 0xE380
[2026-05-12 02:43:33.133] [DEBUG] Reg[0x05]: 0x1000
[2026-05-12 02:43:33.133] [DEBUG] Reg[0x0A]: 0x0000
[2026-05-12 02:43:33.133] [DEBUG] Reg[0x0C]: 0x362C
[2026-05-12 02:43:33.133] [DEBUG] Reg[0x0F]: 0x880F
[2026-05-12 02:43:33.133] [DEBUG] Reg[0x12]: 0xDC58
[2026-05-12 02:43:33.133] [DEBUG] Reg[0x13]: 0x0714
[2026-05-12 02:43:33.133] [DEBUG] Reg[0x14]: 0xAC0F
[2026-05-12 02:43:33.135] [DEBUG] Reg[0x16]: 0x1002
[2026-05-12 02:43:33.135] [DEBUG] Reg[0x17]: 0x01F8
[2026-05-12 02:43:33.135] [DEBUG] Reg[0x18]: 0x1FEF
[2026-05-12 02:43:33.135] [DEBUG] Reg[0x1D]: 0x0000
[2026-05-12 02:43:33.135] [DEBUG] Reg[0x22]: 0xAF04
[2026-05-12 02:43:33.135] [DEBUG] Reg[0x24]: 0x0000
[2026-05-12 02:43:33.137] [DEBUG] Reg[0x25]: 0x9100
[2026-05-12 02:43:33.137] [DEBUG] Reg[0x2E]: 0x0010
[2026-05-12 02:43:33.137] [DEBUG] Reg[0x2F]: 0x08FC
[2026-05-12 02:43:33.137] [DEBUG] Reg[0x30]: 0x0078
[2026-05-12 02:43:33.138] [DEBUG] Reg[0x31]: 0x01F4
[2026-05-12 02:43:33.138] [DEBUG] Reg[0x33]: 0x1401
[2026-05-12 02:43:33.138] [DEBUG] Reg[0x34]: 0x4050
[2026-05-12 02:43:33.138] [DEBUG] Reg[0x3A]: 0x0D0D
[2026-05-12 02:43:33.138] [DEBUG] Reg[0x3C]: 0x2701
[2026-05-12 02:43:33.699] FM Freq: 91.9 MHz (ラジオ大坂OBC)
[2026-05-12 02:43:33.699] RSSI: -70 dBm
[2026-05-12 02:43:33.699] [DEBUG] DSP(KT0913) All Register Read Dump:
[2026-05-12 02:43:33.699] [DEBUG] Reg[0x01]: 0x4B54
[2026-05-12 02:43:33.699] [DEBUG] Reg[0x02]: 0x0007
[2026-05-12 02:43:33.699] [DEBUG] Reg[0x03]: 0x072E
[2026-05-12 02:43:33.699] [DEBUG] Reg[0x04]: 0xE380
[2026-05-12 02:43:33.699] [DEBUG] Reg[0x05]: 0x1000
[2026-05-12 02:43:33.710] [DEBUG] Reg[0x0A]: 0x0000
[2026-05-12 02:43:33.710] [DEBUG] Reg[0x0C]: 0x242C
[2026-05-12 02:43:33.710] [DEBUG] Reg[0x0F]: 0x880F
[2026-05-12 02:43:33.710] [DEBUG] Reg[0x12]: 0xD850
[2026-05-12 02:43:33.710] [DEBUG] Reg[0x13]: 0x072E
[2026-05-12 02:43:33.710] [DEBUG] Reg[0x14]: 0xA34F
[2026-05-12 02:43:33.710] [DEBUG] Reg[0x16]: 0x1002
[2026-05-12 02:43:33.710] [DEBUG] Reg[0x17]: 0x01F8
[2026-05-12 02:43:33.710] [DEBUG] Reg[0x18]: 0x1FEF
[2026-05-12 02:43:33.710] [DEBUG] Reg[0x1D]: 0x0000
[2026-05-12 02:43:33.712] [DEBUG] Reg[0x22]: 0xAF04
[2026-05-12 02:43:33.712] [DEBUG] Reg[0x24]: 0x0000
[2026-05-12 02:43:33.712] [DEBUG] Reg[0x25]: 0x8800
[2026-05-12 02:43:33.712] [DEBUG] Reg[0x2E]: 0x0010
[2026-05-12 02:43:33.712] [DEBUG] Reg[0x2F]: 0x08FC
[2026-05-12 02:43:33.712] [DEBUG] Reg[0x30]: 0x0078
[2026-05-12 02:43:33.712] [DEBUG] Reg[0x31]: 0x01F4
[2026-05-12 02:43:33.714] [DEBUG] Reg[0x33]: 0x1401
[2026-05-12 02:43:33.714] [DEBUG] Reg[0x34]: 0x4050
[2026-05-12 02:43:33.714] [DEBUG] Reg[0x3A]: 0x0D0D
[2026-05-12 02:43:33.716] [DEBUG] Reg[0x3C]: 0x27FF
[2026-05-12 02:43:34.216] FM Freq: 93.3 MHz (ABCラジオ)
[2026-05-12 02:43:34.220] RSSI: -70 dBm
[2026-05-12 02:43:34.220] [DEBUG] DSP(KT0913) All Register Read Dump:
[2026-05-12 02:43:34.220] [DEBUG] Reg[0x01]: 0x4B54
[2026-05-12 02:43:34.222] [DEBUG] Reg[0x02]: 0x0007
[2026-05-12 02:43:34.222] [DEBUG] Reg[0x03]: 0x074A
[2026-05-12 02:43:34.222] [DEBUG] Reg[0x04]: 0xE380
[2026-05-12 02:43:34.222] [DEBUG] Reg[0x05]: 0x1000
[2026-05-12 02:43:34.222] [DEBUG] Reg[0x0A]: 0x003E
[2026-05-12 02:43:34.222] [DEBUG] Reg[0x0C]: 0x222C
[2026-05-12 02:43:34.222] [DEBUG] Reg[0x0F]: 0x880F
[2026-05-12 02:43:34.222] [DEBUG] Reg[0x12]: 0xDC50
[2026-05-12 02:43:34.224] [DEBUG] Reg[0x13]: 0x074A
[2026-05-12 02:43:34.224] [DEBUG] Reg[0x14]: 0xA20F
[2026-05-12 02:43:34.224] [DEBUG] Reg[0x16]: 0x1002
[2026-05-12 02:43:34.226] [DEBUG] Reg[0x17]: 0x01F8
[2026-05-12 02:43:34.226] [DEBUG] Reg[0x18]: 0x1FEF
[2026-05-12 02:43:34.226] [DEBUG] Reg[0x1D]: 0x0000
[2026-05-12 02:43:34.226] [DEBUG] Reg[0x22]: 0xAF04
[2026-05-12 02:43:34.226] [DEBUG] Reg[0x24]: 0x0000
[2026-05-12 02:43:34.226] [DEBUG] Reg[0x25]: 0x9100
[2026-05-12 02:43:34.228] [DEBUG] Reg[0x2E]: 0x0010
[2026-05-12 02:43:34.228] [DEBUG] Reg[0x2F]: 0x08FC
[2026-05-12 02:43:34.228] [DEBUG] Reg[0x30]: 0x0078
[2026-05-12 02:43:34.229] [DEBUG] Reg[0x31]: 0x01F4
[2026-05-12 02:43:34.229] [DEBUG] Reg[0x33]: 0x1401
[2026-05-12 02:43:34.229] [DEBUG] Reg[0x34]: 0x4050
[2026-05-12 02:43:34.229] [DEBUG] Reg[0x3A]: 0x0D0D
[2026-05-12 02:43:34.229] [DEBUG] Reg[0x3C]: 0x2702
[2026-05-12 02:43:34.798] FM Freq: 91.1 MHz (ラジオ関西)
[2026-05-12 02:43:34.803] RSSI: -64 dBm
[2026-05-12 02:43:34.803] [DEBUG] DSP(KT0913) All Register Read Dump:
[2026-05-12 02:43:34.803] [DEBUG] Reg[0x01]: 0x4B54
[2026-05-12 02:43:34.803] [DEBUG] Reg[0x02]: 0x0007
[2026-05-12 02:43:34.806] [DEBUG] Reg[0x03]: 0x071E
[2026-05-12 02:43:34.806] [DEBUG] Reg[0x04]: 0xE380
[2026-05-12 02:43:34.806] [DEBUG] Reg[0x05]: 0x1000
[2026-05-12 02:43:34.806] [DEBUG] Reg[0x0A]: 0x003D
[2026-05-12 02:43:34.806] [DEBUG] Reg[0x0C]: 0x262C
[2026-05-12 02:43:34.806] [DEBUG] Reg[0x0F]: 0x880F
[2026-05-12 02:43:34.806] [DEBUG] Reg[0x12]: 0xD860
[2026-05-12 02:43:34.806] [DEBUG] Reg[0x13]: 0x071E
[2026-05-12 02:43:34.806] [DEBUG] Reg[0x14]: 0xA30F
[2026-05-12 02:43:34.808] [DEBUG] Reg[0x16]: 0x1002
[2026-05-12 02:43:34.808] [DEBUG] Reg[0x17]: 0x01F8
[2026-05-12 02:43:34.808] [DEBUG] Reg[0x18]: 0x1FEF
[2026-05-12 02:43:34.808] [DEBUG] Reg[0x1D]: 0x0000
[2026-05-12 02:43:34.808] [DEBUG] Reg[0x22]: 0xAF04
[2026-05-12 02:43:34.808] [DEBUG] Reg[0x24]: 0x0000
[2026-05-12 02:43:34.808] [DEBUG] Reg[0x25]: 0x9600
[2026-05-12 02:43:34.809] [DEBUG] Reg[0x2E]: 0x0010
[2026-05-12 02:43:34.809] [DEBUG] Reg[0x2F]: 0x08FC
[2026-05-12 02:43:34.809] [DEBUG] Reg[0x30]: 0x0078
[2026-05-12 02:43:34.811] [DEBUG] Reg[0x31]: 0x01F4
[2026-05-12 02:43:34.811] [DEBUG] Reg[0x33]: 0x1401
[2026-05-12 02:43:34.811] [DEBUG] Reg[0x34]: 0x4050
[2026-05-12 02:43:34.811] [DEBUG] Reg[0x3A]: 0x0D0D
[2026-05-12 02:43:34.811] [DEBUG] Reg[0x3C]: 0x27FD
[2026-05-12 02:43:35.315] FM Freq: 76.5 MHz (FM COCOLO)
[2026-05-12 02:43:35.320] RSSI: -64 dBm
[2026-05-12 02:43:35.320] [DEBUG] DSP(KT0913) All Register Read Dump:
[2026-05-12 02:43:35.320] [DEBUG] Reg[0x01]: 0x4B54
[2026-05-12 02:43:35.320] [DEBUG] Reg[0x02]: 0x0007
[2026-05-12 02:43:35.320] [DEBUG] Reg[0x03]: 0x05FA
[2026-05-12 02:43:35.320] [DEBUG] Reg[0x04]: 0xE380
[2026-05-12 02:43:35.324] [DEBUG] Reg[0x05]: 0x1000
[2026-05-12 02:43:35.324] [DEBUG] Reg[0x0A]: 0x0000
[2026-05-12 02:43:35.324] [DEBUG] Reg[0x0C]: 0x0D2C
[2026-05-12 02:43:35.324] [DEBUG] Reg[0x0F]: 0x880F
[2026-05-12 02:43:35.324] [DEBUG] Reg[0x12]: 0xDC60
[2026-05-12 02:43:35.324] [DEBUG] Reg[0x13]: 0x05FA
[2026-05-12 02:43:35.324] [DEBUG] Reg[0x14]: 0xA7CF
[2026-05-12 02:43:35.324] [DEBUG] Reg[0x16]: 0x1002
[2026-05-12 02:43:35.324] [DEBUG] Reg[0x17]: 0x01F8
[2026-05-12 02:43:35.324] [DEBUG] Reg[0x18]: 0x1FEF
[2026-05-12 02:43:35.324] [DEBUG] Reg[0x1D]: 0x0000
[2026-05-12 02:43:35.327] [DEBUG] Reg[0x22]: 0xAF04
[2026-05-12 02:43:35.327] [DEBUG] Reg[0x24]: 0x0000
[2026-05-12 02:43:35.327] [DEBUG] Reg[0x25]: 0x8C00
[2026-05-12 02:43:35.327] [DEBUG] Reg[0x2E]: 0x0010
[2026-05-12 02:43:35.327] [DEBUG] Reg[0x2F]: 0x08FC
[2026-05-12 02:43:35.327] [DEBUG] Reg[0x30]: 0x0078
[2026-05-12 02:43:35.329] [DEBUG] Reg[0x31]: 0x01F4
[2026-05-12 02:43:35.329] [DEBUG] Reg[0x33]: 0x1401
[2026-05-12 02:43:35.329] [DEBUG] Reg[0x34]: 0x4050
[2026-05-12 02:43:35.329] [DEBUG] Reg[0x3A]: 0x0D0D
[2026-05-12 02:43:35.329] [DEBUG] Reg[0x3C]: 0x2700
[2026-05-12 02:43:36.058] FM Freq: 80.2 MHz (FM802)
[2026-05-12 02:43:36.063] RSSI: -67 dBm
[2026-05-12 02:43:36.063] [DEBUG] DSP(KT0913) All Register Read Dump:
[2026-05-12 02:43:36.063] [DEBUG] Reg[0x01]: 0x4B54
[2026-05-12 02:43:36.063] [DEBUG] Reg[0x02]: 0x0007
[2026-05-12 02:43:36.063] [DEBUG] Reg[0x03]: 0x0644
[2026-05-12 02:43:36.065] [DEBUG] Reg[0x04]: 0xE380
[2026-05-12 02:43:36.065] [DEBUG] Reg[0x05]: 0x1000
[2026-05-12 02:43:36.065] [DEBUG] Reg[0x0A]: 0x003A
[2026-05-12 02:43:36.065] [DEBUG] Reg[0x0C]: 0x232C
[2026-05-12 02:43:36.065] [DEBUG] Reg[0x0F]: 0x880F
[2026-05-12 02:43:36.065] [DEBUG] Reg[0x12]: 0xDC58
[2026-05-12 02:43:36.065] [DEBUG] Reg[0x13]: 0x0644
[2026-05-12 02:43:36.065] [DEBUG] Reg[0x14]: 0xA00F
[2026-05-12 02:43:36.067] [DEBUG] Reg[0x16]: 0x1002
[2026-05-12 02:43:36.067] [DEBUG] Reg[0x17]: 0x01F8
[2026-05-12 02:43:36.067] [DEBUG] Reg[0x18]: 0x1FEF
[2026-05-12 02:43:36.067] [DEBUG] Reg[0x1D]: 0x0000
[2026-05-12 02:43:36.069] [DEBUG] Reg[0x22]: 0xAF04
[2026-05-12 02:43:36.069] [DEBUG] Reg[0x24]: 0x0000
[2026-05-12 02:43:36.069] [DEBUG] Reg[0x25]: 0x9200
[2026-05-12 02:43:36.069] [DEBUG] Reg[0x2E]: 0x0010
[2026-05-12 02:43:36.071] [DEBUG] Reg[0x2F]: 0x08FC
[2026-05-12 02:43:36.071] [DEBUG] Reg[0x30]: 0x0078
[2026-05-12 02:43:36.071] [DEBUG] Reg[0x31]: 0x01F4
[2026-05-12 02:43:36.071] [DEBUG] Reg[0x33]: 0x1401
[2026-05-12 02:43:36.071] [DEBUG] Reg[0x34]: 0x4050
[2026-05-12 02:43:36.073] [DEBUG] Reg[0x3A]: 0x0D0D
[2026-05-12 02:43:36.073] [DEBUG] Reg[0x3C]: 0x27FB
[2026-05-12 02:43:36.855] FM Freq: 85.1 MHz (FM 大坂)
[2026-05-12 02:43:36.860] RSSI: -70 dBm
[2026-05-12 02:43:36.860] [DEBUG] DSP(KT0913) All Register Read Dump:
[2026-05-12 02:43:36.860] [DEBUG] Reg[0x01]: 0x4B54
[2026-05-12 02:43:36.860] [DEBUG] Reg[0x02]: 0x0007
[2026-05-12 02:43:36.860] [DEBUG] Reg[0x03]: 0x06A6
[2026-05-12 02:43:36.863] [DEBUG] Reg[0x04]: 0xE380
[2026-05-12 02:43:36.863] [DEBUG] Reg[0x05]: 0x1000
[2026-05-12 02:43:36.863] [DEBUG] Reg[0x0A]: 0x0001
[2026-05-12 02:43:36.863] [DEBUG] Reg[0x0C]: 0x0A2C
[2026-05-12 02:43:36.863] [DEBUG] Reg[0x0F]: 0x880F
[2026-05-12 02:43:36.863] [DEBUG] Reg[0x12]: 0xD850
[2026-05-12 02:43:36.863] [DEBUG] Reg[0x13]: 0x06A6
[2026-05-12 02:43:36.865] [DEBUG] Reg[0x14]: 0xA3CF
[2026-05-12 02:43:36.865] [DEBUG] Reg[0x16]: 0x1002
[2026-05-12 02:43:36.865] [DEBUG] Reg[0x17]: 0x01F8
[2026-05-12 02:43:36.865] [DEBUG] Reg[0x18]: 0x1FEF
[2026-05-12 02:43:36.867] [DEBUG] Reg[0x1D]: 0x0000
[2026-05-12 02:43:36.867] [DEBUG] Reg[0x22]: 0xAF04
[2026-05-12 02:43:36.867] [DEBUG] Reg[0x24]: 0x0000
[2026-05-12 02:43:36.867] [DEBUG] Reg[0x25]: 0x8600
[2026-05-12 02:43:36.867] [DEBUG] Reg[0x2E]: 0x0010
[2026-05-12 02:43:36.867] [DEBUG] Reg[0x2F]: 0x08FC
[2026-05-12 02:43:36.868] [DEBUG] Reg[0x30]: 0x0078
[2026-05-12 02:43:36.868] [DEBUG] Reg[0x31]: 0x01F4
[2026-05-12 02:43:36.868] [DEBUG] Reg[0x33]: 0x1401
[2026-05-12 02:43:36.870] [DEBUG] Reg[0x34]: 0x4050
[2026-05-12 02:43:36.870] [DEBUG] Reg[0x3A]: 0x0D0D
[2026-05-12 02:43:36.870] [DEBUG] Reg[0x3C]: 0x2702
[2026-05-12 02:43:37.455] FM Freq: 88.1 MHz (NHK FM OSAKA)
[2026-05-12 02:43:37.460] RSSI: -61 dBm
[2026-05-12 02:43:37.460] [DEBUG] DSP(KT0913) All Register Read Dump:
[2026-05-12 02:43:37.460] [DEBUG] Reg[0x01]: 0x4B54
[2026-05-12 02:43:37.460] [DEBUG] Reg[0x02]: 0x0007
[2026-05-12 02:43:37.460] [DEBUG] Reg[0x03]: 0x06E2
[2026-05-12 02:43:37.462] [DEBUG] Reg[0x04]: 0xE380
[2026-05-12 02:43:37.462] [DEBUG] Reg[0x05]: 0x1000
[2026-05-12 02:43:37.462] [DEBUG] Reg[0x0A]: 0x003D
[2026-05-12 02:43:37.462] [DEBUG] Reg[0x0C]: 0x152C
[2026-05-12 02:43:37.462] [DEBUG] Reg[0x0F]: 0x880F
[2026-05-12 02:43:37.462] [DEBUG] Reg[0x12]: 0xDC58
[2026-05-12 02:43:37.462] [DEBUG] Reg[0x13]: 0x06E2
[2026-05-12 02:43:37.464] [DEBUG] Reg[0x14]: 0xA20F
[2026-05-12 02:43:37.464] [DEBUG] Reg[0x16]: 0x1002
[2026-05-12 02:43:37.464] [DEBUG] Reg[0x17]: 0x01F8
[2026-05-12 02:43:37.464] [DEBUG] Reg[0x18]: 0x1FEF
[2026-05-12 02:43:37.464] [DEBUG] Reg[0x1D]: 0x0000
[2026-05-12 02:43:37.466] [DEBUG] Reg[0x22]: 0xAF04
[2026-05-12 02:43:37.466] [DEBUG] Reg[0x24]: 0x0000
[2026-05-12 02:43:37.466] [DEBUG] Reg[0x25]: 0x9000
[2026-05-12 02:43:37.466] [DEBUG] Reg[0x2E]: 0x0010
[2026-05-12 02:43:37.466] [DEBUG] Reg[0x2F]: 0x08FC
[2026-05-12 02:43:37.468] [DEBUG] Reg[0x30]: 0x0078
[2026-05-12 02:43:37.468] [DEBUG] Reg[0x31]: 0x01F4
[2026-05-12 02:43:37.468] [DEBUG] Reg[0x33]: 0x1401
[2026-05-12 02:43:37.468] [DEBUG] Reg[0x34]: 0x4050
[2026-05-12 02:43:37.470] [DEBUG] Reg[0x3A]: 0x0D0D
[2026-05-12 02:43:37.470] [DEBUG] Reg[0x3C]: 0x27FB
[2026-05-12 02:43:37.836] FM Freq: 89.4 MHz (a-STATION)
[2026-05-12 02:43:37.841] RSSI: -64 dBm
[2026-05-12 02:43:37.841] [DEBUG] DSP(KT0913) All Register Read Dump:
[2026-05-12 02:43:37.841] [DEBUG] Reg[0x01]: 0x4B54
[2026-05-12 02:43:37.841] [DEBUG] Reg[0x02]: 0x0007
[2026-05-12 02:43:37.842] [DEBUG] Reg[0x03]: 0x06FC
[2026-05-12 02:43:37.842] [DEBUG] Reg[0x04]: 0xE380
[2026-05-12 02:43:37.842] [DEBUG] Reg[0x05]: 0x1000
[2026-05-12 02:43:37.842] [DEBUG] Reg[0x0A]: 0x0002
[2026-05-12 02:43:37.842] [DEBUG] Reg[0x0C]: 0x3C2C
[2026-05-12 02:43:37.842] [DEBUG] Reg[0x0F]: 0x880F
[2026-05-12 02:43:37.842] [DEBUG] Reg[0x12]: 0xDC60
[2026-05-12 02:43:37.842] [DEBUG] Reg[0x13]: 0x06FC
[2026-05-12 02:43:37.845] [DEBUG] Reg[0x14]: 0xA78F
[2026-05-12 02:43:37.845] [DEBUG] Reg[0x16]: 0x1002
[2026-05-12 02:43:37.845] [DEBUG] Reg[0x17]: 0x01F8
[2026-05-12 02:43:37.845] [DEBUG] Reg[0x18]: 0x1FEF
[2026-05-12 02:43:37.847] [DEBUG] Reg[0x1D]: 0x0000
[2026-05-12 02:43:37.847] [DEBUG] Reg[0x22]: 0xAF04
[2026-05-12 02:43:37.847] [DEBUG] Reg[0x24]: 0x0000
[2026-05-12 02:43:37.847] [DEBUG] Reg[0x25]: 0x9500
[2026-05-12 02:43:37.847] [DEBUG] Reg[0x2E]: 0x0010
[2026-05-12 02:43:37.847] [DEBUG] Reg[0x2F]: 0x08FC
[2026-05-12 02:43:37.848] [DEBUG] Reg[0x30]: 0x0078
[2026-05-12 02:43:37.848] [DEBUG] Reg[0x31]: 0x01F4
[2026-05-12 02:43:37.848] [DEBUG] Reg[0x33]: 0x1401
[2026-05-12 02:43:37.850] [DEBUG] Reg[0x34]: 0x4050
[2026-05-12 02:43:37.850] [DEBUG] Reg[0x3A]: 0x0D0D
[2026-05-12 02:43:37.850] [DEBUG] Reg[0x3C]: 0x2702
[2026-05-12 02:43:38.050] FM Freq: 89.9 MHz (Kiss FM KOBE)
[2026-05-12 02:43:38.056] RSSI: -70 dBm
[2026-05-12 02:43:38.056] [DEBUG] DSP(KT0913) All Register Read Dump:
[2026-05-12 02:43:38.056] [DEBUG] Reg[0x01]: 0x4B54
[2026-05-12 02:43:38.056] [DEBUG] Reg[0x02]: 0x0007
[2026-05-12 02:43:38.056] [DEBUG] Reg[0x03]: 0x0706
[2026-05-12 02:43:38.058] [DEBUG] Reg[0x04]: 0xE380
[2026-05-12 02:43:38.058] [DEBUG] Reg[0x05]: 0x1000
[2026-05-12 02:43:38.058] [DEBUG] Reg[0x0A]: 0x0000
[2026-05-12 02:43:38.058] [DEBUG] Reg[0x0C]: 0x0D2C
[2026-05-12 02:43:38.058] [DEBUG] Reg[0x0F]: 0x880F
[2026-05-12 02:43:38.058] [DEBUG] Reg[0x12]: 0xDC50
[2026-05-12 02:43:38.058] [DEBUG] Reg[0x13]: 0x0706
[2026-05-12 02:43:38.058] [DEBUG] Reg[0x14]: 0xA38F
[2026-05-12 02:43:38.058] [DEBUG] Reg[0x16]: 0x1002
[2026-05-12 02:43:38.058] [DEBUG] Reg[0x17]: 0x01F8
[2026-05-12 02:43:38.058] [DEBUG] Reg[0x18]: 0x1FEF
[2026-05-12 02:43:38.060] [DEBUG] Reg[0x1D]: 0x0000
[2026-05-12 02:43:38.060] [DEBUG] Reg[0x22]: 0xAF04
[2026-05-12 02:43:38.060] [DEBUG] Reg[0x24]: 0x0000
[2026-05-12 02:43:38.060] [DEBUG] Reg[0x25]: 0x8F00
[2026-05-12 02:43:38.060] [DEBUG] Reg[0x2E]: 0x0010
[2026-05-12 02:43:38.062] [DEBUG] Reg[0x2F]: 0x08FC
[2026-05-12 02:43:38.062] [DEBUG] Reg[0x30]: 0x0078
[2026-05-12 02:43:38.062] [DEBUG] Reg[0x31]: 0x01F4
[2026-05-12 02:43:38.062] [DEBUG] Reg[0x33]: 0x1401
[2026-05-12 02:43:38.063] [DEBUG] Reg[0x34]: 0x4050
[2026-05-12 02:43:38.063] [DEBUG] Reg[0x3A]: 0x0D0D
[2026-05-12 02:43:38.063] [DEBUG] Reg[0x3C]: 0x2701
[2026-05-12 02:43:38.279] FM Freq: 90.6 MHz (MBSラジオ)
[2026-05-12 02:43:38.285] RSSI: -67 dBm
[2026-05-12 02:43:38.285] [DEBUG] DSP(KT0913) All Register Read Dump:
[2026-05-12 02:43:38.285] [DEBUG] Reg[0x01]: 0x4B54
[2026-05-12 02:43:38.285] [DEBUG] Reg[0x02]: 0x0007
[2026-05-12 02:43:38.285] [DEBUG] Reg[0x03]: 0x0714
[2026-05-12 02:43:38.285] [DEBUG] Reg[0x04]: 0xE380
[2026-05-12 02:43:38.287] [DEBUG] Reg[0x05]: 0x1000
[2026-05-12 02:43:38.287] [DEBUG] Reg[0x0A]: 0x0001
[2026-05-12 02:43:38.287] [DEBUG] Reg[0x0C]: 0x2E2C
[2026-05-12 02:43:38.287] [DEBUG] Reg[0x0F]: 0x880F
[2026-05-12 02:43:38.287] [DEBUG] Reg[0x12]: 0xDC60
[2026-05-12 02:43:38.287] [DEBUG] Reg[0x13]: 0x0714
[2026-05-12 02:43:38.287] [DEBUG] Reg[0x14]: 0xA1CF
[2026-05-12 02:43:38.287] [DEBUG] Reg[0x16]: 0x1002
[2026-05-12 02:43:38.287] [DEBUG] Reg[0x17]: 0x01F8
[2026-05-12 02:43:38.287] [DEBUG] Reg[0x18]: 0x1FEF
[2026-05-12 02:43:38.290] [DEBUG] Reg[0x1D]: 0x0000
[2026-05-12 02:43:38.290] [DEBUG] Reg[0x22]: 0xAF04
[2026-05-12 02:43:38.290] [DEBUG] Reg[0x24]: 0x0000
[2026-05-12 02:43:38.290] [DEBUG] Reg[0x25]: 0x9400
[2026-05-12 02:43:38.290] [DEBUG] Reg[0x2E]: 0x0010
[2026-05-12 02:43:38.292] [DEBUG] Reg[0x2F]: 0x08FC
[2026-05-12 02:43:38.292] [DEBUG] Reg[0x30]: 0x0078
[2026-05-12 02:43:38.292] [DEBUG] Reg[0x31]: 0x01F4
[2026-05-12 02:43:38.292] [DEBUG] Reg[0x33]: 0x1401
[2026-05-12 02:43:38.294] [DEBUG] Reg[0x34]: 0x4050
[2026-05-12 02:43:38.294] [DEBUG] Reg[0x3A]: 0x0D0D
[2026-05-12 02:43:38.294] [DEBUG] Reg[0x3C]: 0x2701
[2026-05-12 02:43:38.499] FM Freq: 91.9 MHz (ラジオ大坂OBC)
[2026-05-12 02:43:38.512] RSSI: -70 dBm
[2026-05-12 02:43:38.512] [DEBUG] DSP(KT0913) All Register Read Dump:
[2026-05-12 02:43:38.512] [DEBUG] Reg[0x01]: 0x4B54
[2026-05-12 02:43:38.512] [DEBUG] Reg[0x02]: 0x0007
[2026-05-12 02:43:38.512] [DEBUG] Reg[0x03]: 0x072E
[2026-05-12 02:43:38.515] [DEBUG] Reg[0x04]: 0xE380
[2026-05-12 02:43:38.515] [DEBUG] Reg[0x05]: 0x1000
[2026-05-12 02:43:38.515] [DEBUG] Reg[0x0A]: 0x003E
[2026-05-12 02:43:38.515] [DEBUG] Reg[0x0C]: 0x342C
[2026-05-12 02:43:38.515] [DEBUG] Reg[0x0F]: 0x880F
[2026-05-12 02:43:38.515] [DEBUG] Reg[0x12]: 0xDC50
[2026-05-12 02:43:38.515] [DEBUG] Reg[0x13]: 0x072E
[2026-05-12 02:43:38.515] [DEBUG] Reg[0x14]: 0xA18F
[2026-05-12 02:43:38.515] [DEBUG] Reg[0x16]: 0x1002
[2026-05-12 02:43:38.518] [DEBUG] Reg[0x17]: 0x01F8
[2026-05-12 02:43:38.518] [DEBUG] Reg[0x18]: 0x1FEF
[2026-05-12 02:43:38.518] [DEBUG] Reg[0x1D]: 0x0000
[2026-05-12 02:43:38.518] [DEBUG] Reg[0x22]: 0xAF04
[2026-05-12 02:43:38.518] [DEBUG] Reg[0x24]: 0x0000
[2026-05-12 02:43:38.518] [DEBUG] Reg[0x25]: 0x8600
[2026-05-12 02:43:38.518] [DEBUG] Reg[0x2E]: 0x0010
[2026-05-12 02:43:38.518] [DEBUG] Reg[0x2F]: 0x08FC
[2026-05-12 02:43:38.518] [DEBUG] Reg[0x30]: 0x0078
[2026-05-12 02:43:38.519] [DEBUG] Reg[0x31]: 0x01F4
[2026-05-12 02:43:38.519] [DEBUG] Reg[0x33]: 0x1401
[2026-05-12 02:43:38.519] [DEBUG] Reg[0x34]: 0x4050
[2026-05-12 02:43:38.519] [DEBUG] Reg[0x3A]: 0x0D0D
[2026-05-12 02:43:38.521] [DEBUG] Reg[0x3C]: 0x27FF
[2026-05-12 02:43:38.742] FM Freq: 93.3 MHz (ABCラジオ)
[2026-05-12 02:43:38.744] RSSI: -73 dBm
[2026-05-12 02:43:38.744] [DEBUG] DSP(KT0913) All Register Read Dump:
[2026-05-12 02:43:38.744] [DEBUG] Reg[0x01]: 0x4B54
[2026-05-12 02:43:38.744] [DEBUG] Reg[0x02]: 0x0007
[2026-05-12 02:43:38.744] [DEBUG] Reg[0x03]: 0x074A
[2026-05-12 02:43:38.744] [DEBUG] Reg[0x04]: 0xE380
[2026-05-12 02:43:38.744] [DEBUG] Reg[0x05]: 0x1000
[2026-05-12 02:43:38.749] [DEBUG] Reg[0x0A]: 0x003B
[2026-05-12 02:43:38.749] [DEBUG] Reg[0x0C]: 0x202C
[2026-05-12 02:43:38.749] [DEBUG] Reg[0x0F]: 0x880F
[2026-05-12 02:43:38.749] [DEBUG] Reg[0x12]: 0xDC60
[2026-05-12 02:43:38.749] [DEBUG] Reg[0x13]: 0x074A
[2026-05-12 02:43:38.749] [DEBUG] Reg[0x14]: 0xA04F
[2026-05-12 02:43:38.749] [DEBUG] Reg[0x16]: 0x1002
[2026-05-12 02:43:38.749] [DEBUG] Reg[0x17]: 0x01F8
[2026-05-12 02:43:38.749] [DEBUG] Reg[0x18]: 0x1FEF
[2026-05-12 02:43:38.749] [DEBUG] Reg[0x1D]: 0x0000
[2026-05-12 02:43:38.749] [DEBUG] Reg[0x22]: 0xAF04
[2026-05-12 02:43:38.749] [DEBUG] Reg[0x24]: 0x0000
[2026-05-12 02:43:38.749] [DEBUG] Reg[0x25]: 0x9300
[2026-05-12 02:43:38.749] [DEBUG] Reg[0x2E]: 0x0010
[2026-05-12 02:43:38.749] [DEBUG] Reg[0x2F]: 0x08FC
[2026-05-12 02:43:38.749] [DEBUG] Reg[0x30]: 0x0078
[2026-05-12 02:43:38.749] [DEBUG] Reg[0x31]: 0x01F4
[2026-05-12 02:43:38.749] [DEBUG] Reg[0x33]: 0x1401
[2026-05-12 02:43:38.749] [DEBUG] Reg[0x34]: 0x4050
[2026-05-12 02:43:38.749] [DEBUG] Reg[0x3A]: 0x0D0D
[2026-05-12 02:43:38.749] [DEBUG] Reg[0x3C]: 0x27FD
[2026-05-12 02:43:38.952] FM Freq: 91.1 MHz (ラジオ関西)
[2026-05-12 02:43:38.958] RSSI: -70 dBm
[2026-05-12 02:43:38.958] [DEBUG] DSP(KT0913) All Register Read Dump:
[2026-05-12 02:43:38.958] [DEBUG] Reg[0x01]: 0x4B54
[2026-05-12 02:43:38.958] [DEBUG] Reg[0x02]: 0x0007
[2026-05-12 02:43:38.958] [DEBUG] Reg[0x03]: 0x071E
[2026-05-12 02:43:38.958] [DEBUG] Reg[0x04]: 0xE380
[2026-05-12 02:43:38.958] [DEBUG] Reg[0x05]: 0x1000
[2026-05-12 02:43:38.961] [DEBUG] Reg[0x0A]: 0x003D
[2026-05-12 02:43:38.961] [DEBUG] Reg[0x0C]: 0x292C
[2026-05-12 02:43:38.961] [DEBUG] Reg[0x0F]: 0x880F
[2026-05-12 02:43:38.961] [DEBUG] Reg[0x12]: 0xDC50
[2026-05-12 02:43:38.961] [DEBUG] Reg[0x13]: 0x071E
[2026-05-12 02:43:38.961] [DEBUG] Reg[0x14]: 0xA34F
[2026-05-12 02:43:38.961] [DEBUG] Reg[0x16]: 0x1002
[2026-05-12 02:43:38.961] [DEBUG] Reg[0x17]: 0x01F8
[2026-05-12 02:43:38.961] [DEBUG] Reg[0x18]: 0x1FEF
[2026-05-12 02:43:38.963] [DEBUG] Reg[0x1D]: 0x0000
[2026-05-12 02:43:38.963] [DEBUG] Reg[0x22]: 0xAF04
[2026-05-12 02:43:38.963] [DEBUG] Reg[0x24]: 0x0000
[2026-05-12 02:43:38.963] [DEBUG] Reg[0x25]: 0x9000
[2026-05-12 02:43:38.963] [DEBUG] Reg[0x2E]: 0x0010
[2026-05-12 02:43:38.965] [DEBUG] Reg[0x2F]: 0x08FC
[2026-05-12 02:43:38.965] [DEBUG] Reg[0x30]: 0x0078
[2026-05-12 02:43:38.965] [DEBUG] Reg[0x31]: 0x01F4
[2026-05-12 02:43:38.965] [DEBUG] Reg[0x33]: 0x1401
[2026-05-12 02:43:38.965] [DEBUG] Reg[0x34]: 0x4050
[2026-05-12 02:43:38.967] [DEBUG] Reg[0x3A]: 0x0D0D
[2026-05-12 02:43:38.967] [DEBUG] Reg[0x3C]: 0x27FC
[2026-05-12 02:43:39.159] FM Freq: 76.5 MHz (FM COCOLO)
[2026-05-12 02:43:39.165] RSSI: -64 dBm
[2026-05-12 02:43:39.165] [DEBUG] DSP(KT0913) All Register Read Dump:
[2026-05-12 02:43:39.165] [DEBUG] Reg[0x01]: 0x4B54
[2026-05-12 02:43:39.165] [DEBUG] Reg[0x02]: 0x0007
[2026-05-12 02:43:39.165] [DEBUG] Reg[0x03]: 0x05FA
[2026-05-12 02:43:39.165] [DEBUG] Reg[0x04]: 0xE380
[2026-05-12 02:43:39.169] [DEBUG] Reg[0x05]: 0x1000
[2026-05-12 02:43:39.169] [DEBUG] Reg[0x0A]: 0x0005
[2026-05-12 02:43:39.169] [DEBUG] Reg[0x0C]: 0x2D2C
[2026-05-12 02:43:39.169] [DEBUG] Reg[0x0F]: 0x880F
[2026-05-12 02:43:39.169] [DEBUG] Reg[0x12]: 0xDC60
[2026-05-12 02:43:39.169] [DEBUG] Reg[0x13]: 0x05FA
[2026-05-12 02:43:39.169] [DEBUG] Reg[0x14]: 0xA58F
[2026-05-12 02:43:39.169] [DEBUG] Reg[0x16]: 0x1002
[2026-05-12 02:43:39.169] [DEBUG] Reg[0x17]: 0x01F8
[2026-05-12 02:43:39.171] [DEBUG] Reg[0x18]: 0x1FEF
[2026-05-12 02:43:39.171] [DEBUG] Reg[0x1D]: 0x0000
[2026-05-12 02:43:39.171] [DEBUG] Reg[0x22]: 0xAF04
[2026-05-12 02:43:39.171] [DEBUG] Reg[0x24]: 0x0000
[2026-05-12 02:43:39.171] [DEBUG] Reg[0x25]: 0x8F00
[2026-05-12 02:43:39.171] [DEBUG] Reg[0x2E]: 0x0010
[2026-05-12 02:43:39.171] [DEBUG] Reg[0x2F]: 0x08FC
[2026-05-12 02:43:39.171] [DEBUG] Reg[0x30]: 0x0078
[2026-05-12 02:43:39.173] [DEBUG] Reg[0x31]: 0x01F4
[2026-05-12 02:43:39.173] [DEBUG] Reg[0x33]: 0x1401
[2026-05-12 02:43:39.173] [DEBUG] Reg[0x34]: 0x4050
[2026-05-12 02:43:39.173] [DEBUG] Reg[0x3A]: 0x0D0D
[2026-05-12 02:43:39.173] [DEBUG] Reg[0x3C]: 0x2704
[2026-05-12 02:43:39.699] FM Freq: 80.2 MHz (FM802)
[2026-05-12 02:43:39.703] RSSI: -70 dBm
[2026-05-12 02:43:39.703] [DEBUG] DSP(KT0913) All Register Read Dump:
[2026-05-12 02:43:39.703] [DEBUG] Reg[0x01]: 0x4B54
[2026-05-12 02:43:39.703] [DEBUG] Reg[0x02]: 0x0007
[2026-05-12 02:43:39.703] [DEBUG] Reg[0x03]: 0x0644
[2026-05-12 02:43:39.703] [DEBUG] Reg[0x04]: 0xE380
[2026-05-12 02:43:39.703] [DEBUG] Reg[0x05]: 0x1000
[2026-05-12 02:43:39.703] [DEBUG] Reg[0x0A]: 0x003F
[2026-05-12 02:43:39.703] [DEBUG] Reg[0x0C]: 0x312C
[2026-05-12 02:43:39.703] [DEBUG] Reg[0x0F]: 0x880F
[2026-05-12 02:43:39.703] [DEBUG] Reg[0x12]: 0xDC50
[2026-05-12 02:43:39.703] [DEBUG] Reg[0x13]: 0x0644
[2026-05-12 02:43:39.703] [DEBUG] Reg[0x14]: 0xA10F
[2026-05-12 02:43:39.703] [DEBUG] Reg[0x16]: 0x1002
[2026-05-12 02:43:39.703] [DEBUG] Reg[0x17]: 0x01F8
[2026-05-12 02:43:39.703] [DEBUG] Reg[0x18]: 0x1FEF
[2026-05-12 02:43:39.710] [DEBUG] Reg[0x1D]: 0x0000
[2026-05-12 02:43:39.710] [DEBUG] Reg[0x22]: 0xAF04
[2026-05-12 02:43:39.710] [DEBUG] Reg[0x24]: 0x0000
[2026-05-12 02:43:39.710] [DEBUG] Reg[0x25]: 0x9400
[2026-05-12 02:43:39.710] [DEBUG] Reg[0x2E]: 0x0010
[2026-05-12 02:43:39.712] [DEBUG] Reg[0x2F]: 0x08FC
[2026-05-12 02:43:39.712] [DEBUG] Reg[0x30]: 0x0078
[2026-05-12 02:43:39.712] [DEBUG] Reg[0x31]: 0x01F4
[2026-05-12 02:43:39.712] [DEBUG] Reg[0x33]: 0x1401
[2026-05-12 02:43:39.712] [DEBUG] Reg[0x34]: 0x4050
[2026-05-12 02:43:39.713] [DEBUG] Reg[0x3A]: 0x0D0D
[2026-05-12 02:43:39.713] [DEBUG] Reg[0x3C]: 0x27FF
[2026-05-12 02:43:39.915] FM Freq: 85.1 MHz (FM 大坂)
[2026-05-12 02:43:39.919] RSSI: -70 dBm
[2026-05-12 02:43:39.919] [DEBUG] DSP(KT0913) All Register Read Dump:
[2026-05-12 02:43:39.919] [DEBUG] Reg[0x01]: 0x4B54
[2026-05-12 02:43:39.919] [DEBUG] Reg[0x02]: 0x0007
[2026-05-12 02:43:39.920] [DEBUG] Reg[0x03]: 0x06A6
[2026-05-12 02:43:39.920] [DEBUG] Reg[0x04]: 0xE380
[2026-05-12 02:43:39.920] [DEBUG] Reg[0x05]: 0x1000
[2026-05-12 02:43:39.920] [DEBUG] Reg[0x0A]: 0x0035
[2026-05-12 02:43:39.920] [DEBUG] Reg[0x0C]: 0x252C
[2026-05-12 02:43:39.922] [DEBUG] Reg[0x0F]: 0x880F
[2026-05-12 02:43:39.922] [DEBUG] Reg[0x12]: 0xDC50
[2026-05-12 02:43:39.922] [DEBUG] Reg[0x13]: 0x06A6
[2026-05-12 02:43:39.922] [DEBUG] Reg[0x14]: 0xA3CF
[2026-05-12 02:43:39.924] [DEBUG] Reg[0x16]: 0x1002
[2026-05-12 02:43:39.924] [DEBUG] Reg[0x17]: 0x01F8
[2026-05-12 02:43:39.924] [DEBUG] Reg[0x18]: 0x1FEF
[2026-05-12 02:43:39.924] [DEBUG] Reg[0x1D]: 0x0000
[2026-05-12 02:43:39.925] [DEBUG] Reg[0x22]: 0xAF04
[2026-05-12 02:43:39.925] [DEBUG] Reg[0x24]: 0x0000
[2026-05-12 02:43:39.925] [DEBUG] Reg[0x25]: 0x8A00
[2026-05-12 02:43:39.925] [DEBUG] Reg[0x2E]: 0x0010
[2026-05-12 02:43:39.925] [DEBUG] Reg[0x2F]: 0x08FC
[2026-05-12 02:43:39.927] [DEBUG] Reg[0x30]: 0x0078
[2026-05-12 02:43:39.927] [DEBUG] Reg[0x31]: 0x01F4
[2026-05-12 02:43:39.927] [DEBUG] Reg[0x33]: 0x1401
[2026-05-12 02:43:39.927] [DEBUG] Reg[0x34]: 0x4050
[2026-05-12 02:43:39.929] [DEBUG] Reg[0x3A]: 0x0D0D
[2026-05-12 02:43:39.929] [DEBUG] Reg[0x3C]: 0x27F6
[2026-05-12 02:43:40.090] FM Freq: 88.1 MHz (NHK FM OSAKA)
[2026-05-12 02:43:40.095] RSSI: -64 dBm
[2026-05-12 02:43:40.095] [DEBUG] DSP(KT0913) All Register Read Dump:
[2026-05-12 02:43:40.095] [DEBUG] Reg[0x01]: 0x4B54
[2026-05-12 02:43:40.095] [DEBUG] Reg[0x02]: 0x0007
[2026-05-12 02:43:40.098] [DEBUG] Reg[0x03]: 0x06E2
[2026-05-12 02:43:40.098] [DEBUG] Reg[0x04]: 0xE380
[2026-05-12 02:43:40.098] [DEBUG] Reg[0x05]: 0x1000
[2026-05-12 02:43:40.098] [DEBUG] Reg[0x0A]: 0x0001
[2026-05-12 02:43:40.098] [DEBUG] Reg[0x0C]: 0x172C
[2026-05-12 02:43:40.098] [DEBUG] Reg[0x0F]: 0x880F
[2026-05-12 02:43:40.098] [DEBUG] Reg[0x12]: 0xDC60
[2026-05-12 02:43:40.098] [DEBUG] Reg[0x13]: 0x06E2
[2026-05-12 02:43:40.098] [DEBUG] Reg[0x14]: 0xA30F
[2026-05-12 02:43:40.098] [DEBUG] Reg[0x16]: 0x1002
[2026-05-12 02:43:40.100] [DEBUG] Reg[0x17]: 0x01F8
[2026-05-12 02:43:40.100] [DEBUG] Reg[0x18]: 0x1FEF
[2026-05-12 02:43:40.100] [DEBUG] Reg[0x1D]: 0x0000
[2026-05-12 02:43:40.100] [DEBUG] Reg[0x22]: 0xAF04
[2026-05-12 02:43:40.100] [DEBUG] Reg[0x24]: 0x0000
[2026-05-12 02:43:40.102] [DEBUG] Reg[0x25]: 0x9500
[2026-05-12 02:43:40.102] [DEBUG] Reg[0x2E]: 0x0010
[2026-05-12 02:43:40.102] [DEBUG] Reg[0x2F]: 0x08FC
[2026-05-12 02:43:40.102] [DEBUG] Reg[0x30]: 0x0078
[2026-05-12 02:43:40.104] [DEBUG] Reg[0x31]: 0x01F4
[2026-05-12 02:43:40.104] [DEBUG] Reg[0x33]: 0x1401
[2026-05-12 02:43:40.104] [DEBUG] Reg[0x34]: 0x4050
[2026-05-12 02:43:40.104] [DEBUG] Reg[0x3A]: 0x0D0D
[2026-05-12 02:43:40.106] [DEBUG] Reg[0x3C]: 0x2700
[2026-05-12 02:43:40.281] FM Freq: 89.4 MHz (a-STATION)
[2026-05-12 02:43:40.288] RSSI: -70 dBm
[2026-05-12 02:43:40.288] [DEBUG] DSP(KT0913) All Register Read Dump:
[2026-05-12 02:43:40.288] [DEBUG] Reg[0x01]: 0x4B54
[2026-05-12 02:43:40.288] [DEBUG] Reg[0x02]: 0x0007
[2026-05-12 02:43:40.288] [DEBUG] Reg[0x03]: 0x06FC
[2026-05-12 02:43:40.288] [DEBUG] Reg[0x04]: 0xE380
[2026-05-12 02:43:40.288] [DEBUG] Reg[0x05]: 0x1000
[2026-05-12 02:43:40.290] [DEBUG] Reg[0x0A]: 0x0000
[2026-05-12 02:43:40.290] [DEBUG] Reg[0x0C]: 0x1E2C
[2026-05-12 02:43:40.290] [DEBUG] Reg[0x0F]: 0x880F
[2026-05-12 02:43:40.290] [DEBUG] Reg[0x12]: 0xDC50
[2026-05-12 02:43:40.290] [DEBUG] Reg[0x13]: 0x06FC
[2026-05-12 02:43:40.290] [DEBUG] Reg[0x14]: 0xA34F
[2026-05-12 02:43:40.290] [DEBUG] Reg[0x16]: 0x1002
[2026-05-12 02:43:40.290] [DEBUG] Reg[0x17]: 0x01F8
[2026-05-12 02:43:40.290] [DEBUG] Reg[0x18]: 0x1FEF
[2026-05-12 02:43:40.290] [DEBUG] Reg[0x1D]: 0x0000
[2026-05-12 02:43:40.292] [DEBUG] Reg[0x22]: 0xAF04
[2026-05-12 02:43:40.292] [DEBUG] Reg[0x24]: 0x0000
[2026-05-12 02:43:40.292] [DEBUG] Reg[0x25]: 0x8D00
[2026-05-12 02:43:40.292] [DEBUG] Reg[0x2E]: 0x0010
[2026-05-12 02:43:40.292] [DEBUG] Reg[0x2F]: 0x08FC
[2026-05-12 02:43:40.292] [DEBUG] Reg[0x30]: 0x0078
[2026-05-12 02:43:40.292] [DEBUG] Reg[0x31]: 0x01F4
[2026-05-12 02:43:40.292] [DEBUG] Reg[0x33]: 0x1401
[2026-05-12 02:43:40.292] [DEBUG] Reg[0x34]: 0x4050
[2026-05-12 02:43:40.292] [DEBUG] Reg[0x3A]: 0x0D0D
[2026-05-12 02:43:40.292] [DEBUG] Reg[0x3C]: 0x2703
[2026-05-12 02:43:40.472] FM Freq: 89.9 MHz (Kiss FM KOBE)
[2026-05-12 02:43:40.476] RSSI: -67 dBm
[2026-05-12 02:43:40.476] [DEBUG] DSP(KT0913) All Register Read Dump:
[2026-05-12 02:43:40.476] [DEBUG] Reg[0x01]: 0x4B54
[2026-05-12 02:43:40.476] [DEBUG] Reg[0x02]: 0x0007
[2026-05-12 02:43:40.476] [DEBUG] Reg[0x03]: 0x0706
[2026-05-12 02:43:40.478] [DEBUG] Reg[0x04]: 0xE380
[2026-05-12 02:43:40.478] [DEBUG] Reg[0x05]: 0x1000
[2026-05-12 02:43:40.478] [DEBUG] Reg[0x0A]: 0x0001
[2026-05-12 02:43:40.478] [DEBUG] Reg[0x0C]: 0x182C
[2026-05-12 02:43:40.478] [DEBUG] Reg[0x0F]: 0x880F
[2026-05-12 02:43:40.478] [DEBUG] Reg[0x12]: 0xDC58
[2026-05-12 02:43:40.480] [DEBUG] Reg[0x13]: 0x0706
[2026-05-12 02:43:40.480] [DEBUG] Reg[0x14]: 0xA38F
[2026-05-12 02:43:40.480] [DEBUG] Reg[0x16]: 0x1002
[2026-05-12 02:43:40.480] [DEBUG] Reg[0x17]: 0x01F8
[2026-05-12 02:43:40.480] [DEBUG] Reg[0x18]: 0x1FEF
[2026-05-12 02:43:40.482] [DEBUG] Reg[0x1D]: 0x0000
[2026-05-12 02:43:40.482] [DEBUG] Reg[0x22]: 0xAF04
[2026-05-12 02:43:40.482] [DEBUG] Reg[0x24]: 0x0000
[2026-05-12 02:43:40.482] [DEBUG] Reg[0x25]: 0x8D00
[2026-05-12 02:43:40.483] [DEBUG] Reg[0x2E]: 0x0010
[2026-05-12 02:43:40.483] [DEBUG] Reg[0x2F]: 0x08FC
[2026-05-12 02:43:40.483] [DEBUG] Reg[0x30]: 0x0078
[2026-05-12 02:43:40.483] [DEBUG] Reg[0x31]: 0x01F4
[2026-05-12 02:43:40.486] [DEBUG] Reg[0x33]: 0x1401
[2026-05-12 02:43:40.486] [DEBUG] Reg[0x34]: 0x4050
[2026-05-12 02:43:40.486] [DEBUG] Reg[0x3A]: 0x0D0D
[2026-05-12 02:43:40.486] [DEBUG] Reg[0x3C]: 0x2701
[2026-05-12 02:43:40.665] FM Freq: 90.6 MHz (MBSラジオ)
[2026-05-12 02:43:40.669] RSSI: -67 dBm
[2026-05-12 02:43:40.669] [DEBUG] DSP(KT0913) All Register Read Dump:
[2026-05-12 02:43:40.669] [DEBUG] Reg[0x01]: 0x4B54
[2026-05-12 02:43:40.669] [DEBUG] Reg[0x02]: 0x0007
[2026-05-12 02:43:40.669] [DEBUG] Reg[0x03]: 0x0714
[2026-05-12 02:43:40.669] [DEBUG] Reg[0x04]: 0xE380
[2026-05-12 02:43:40.669] [DEBUG] Reg[0x05]: 0x1000
[2026-05-12 02:43:40.669] [DEBUG] Reg[0x0A]: 0x0000
[2026-05-12 02:43:40.669] [DEBUG] Reg[0x0C]: 0x062C
[2026-05-12 02:43:40.669] [DEBUG] Reg[0x0F]: 0x880F
[2026-05-12 02:43:40.669] [DEBUG] Reg[0x12]: 0xDC50
[2026-05-12 02:43:40.669] [DEBUG] Reg[0x13]: 0x0714
[2026-05-12 02:43:40.669] [DEBUG] Reg[0x14]: 0xA38F
[2026-05-12 02:43:40.669] [DEBUG] Reg[0x16]: 0x1002
[2026-05-12 02:43:40.669] [DEBUG] Reg[0x17]: 0x01F8
[2026-05-12 02:43:40.669] [DEBUG] Reg[0x18]: 0x1FEF
[2026-05-12 02:43:40.669] [DEBUG] Reg[0x1D]: 0x0000
[2026-05-12 02:43:40.669] [DEBUG] Reg[0x22]: 0xAF04
[2026-05-12 02:43:40.669] [DEBUG] Reg[0x24]: 0x0000
[2026-05-12 02:43:40.669] [DEBUG] Reg[0x25]: 0x9100
[2026-05-12 02:43:40.669] [DEBUG] Reg[0x2E]: 0x0010
[2026-05-12 02:43:40.669] [DEBUG] Reg[0x2F]: 0x08FC
[2026-05-12 02:43:40.679] [DEBUG] Reg[0x30]: 0x0078
[2026-05-12 02:43:40.679] [DEBUG] Reg[0x31]: 0x01F4
[2026-05-12 02:43:40.679] [DEBUG] Reg[0x33]: 0x1401
[2026-05-12 02:43:40.679] [DEBUG] Reg[0x34]: 0x4050
[2026-05-12 02:43:40.679] [DEBUG] Reg[0x3A]: 0x0D0D
[2026-05-12 02:43:40.683] [DEBUG] Reg[0x3C]: 0x2701
[2026-05-12 02:43:41.185] FM Freq: 91.9 MHz (ラジオ大坂OBC)
[2026-05-12 02:43:41.189] RSSI: -64 dBm
[2026-05-12 02:43:41.189] [DEBUG] DSP(KT0913) All Register Read Dump:
[2026-05-12 02:43:41.189] [DEBUG] Reg[0x01]: 0x4B54
[2026-05-12 02:43:41.189] [DEBUG] Reg[0x02]: 0x0007
[2026-05-12 02:43:41.189] [DEBUG] Reg[0x03]: 0x072E
[2026-05-12 02:43:41.189] [DEBUG] Reg[0x04]: 0xE380
[2026-05-12 02:43:41.192] [DEBUG] Reg[0x05]: 0x1000
[2026-05-12 02:43:41.192] [DEBUG] Reg[0x0A]: 0x003F
[2026-05-12 02:43:41.192] [DEBUG] Reg[0x0C]: 0x222C
[2026-05-12 02:43:41.192] [DEBUG] Reg[0x0F]: 0x880F
[2026-05-12 02:43:41.192] [DEBUG] Reg[0x12]: 0xDC50
[2026-05-12 02:43:41.192] [DEBUG] Reg[0x13]: 0x072E
[2026-05-12 02:43:41.192] [DEBUG] Reg[0x14]: 0xA14F
[2026-05-12 02:43:41.192] [DEBUG] Reg[0x16]: 0x1002
[2026-05-12 02:43:41.194] [DEBUG] Reg[0x17]: 0x01F8
[2026-05-12 02:43:41.195] [DEBUG] Reg[0x18]: 0x1FEF
[2026-05-12 02:43:41.195] [DEBUG] Reg[0x1D]: 0x0000
[2026-05-12 02:43:41.195] [DEBUG] Reg[0x22]: 0xAF04
[2026-05-12 02:43:41.196] [DEBUG] Reg[0x24]: 0x0000
[2026-05-12 02:43:41.196] [DEBUG] Reg[0x25]: 0x9600
[2026-05-12 02:43:41.196] [DEBUG] Reg[0x2E]: 0x0010
[2026-05-12 02:43:41.196] [DEBUG] Reg[0x2F]: 0x08FC
[2026-05-12 02:43:41.196] [DEBUG] Reg[0x30]: 0x0078
[2026-05-12 02:43:41.196] [DEBUG] Reg[0x31]: 0x01F4
[2026-05-12 02:43:41.198] [DEBUG] Reg[0x33]: 0x1401
[2026-05-12 02:43:41.198] [DEBUG] Reg[0x34]: 0x4050
[2026-05-12 02:43:41.198] [DEBUG] Reg[0x3A]: 0x0D0D
[2026-05-12 02:43:41.198] [DEBUG] Reg[0x3C]: 0x2700
[2026-05-12 02:43:41.510] FM Freq: 93.3 MHz (ABCラジオ)
[2026-05-12 02:43:41.514] RSSI: -64 dBm
[2026-05-12 02:43:41.514] [DEBUG] DSP(KT0913) All Register Read Dump:
[2026-05-12 02:43:41.514] [DEBUG] Reg[0x01]: 0x4B54
[2026-05-12 02:43:41.514] [DEBUG] Reg[0x02]: 0x0007
[2026-05-12 02:43:41.517] [DEBUG] Reg[0x03]: 0x074A
[2026-05-12 02:43:41.517] [DEBUG] Reg[0x04]: 0xE380
[2026-05-12 02:43:41.517] [DEBUG] Reg[0x05]: 0x1000
[2026-05-12 02:43:41.517] [DEBUG] Reg[0x0A]: 0x0020
[2026-05-12 02:43:41.517] [DEBUG] Reg[0x0C]: 0x2E2C
[2026-05-12 02:43:41.517] [DEBUG] Reg[0x0F]: 0x880F
[2026-05-12 02:43:41.517] [DEBUG] Reg[0x12]: 0xD860
[2026-05-12 02:43:41.517] [DEBUG] Reg[0x13]: 0x074A
[2026-05-12 02:43:41.519] [DEBUG] Reg[0x14]: 0xA4CF
[2026-05-12 02:43:41.519] [DEBUG] Reg[0x16]: 0x1002
[2026-05-12 02:43:41.519] [DEBUG] Reg[0x17]: 0x01F8
[2026-05-12 02:43:41.519] [DEBUG] Reg[0x18]: 0x1FEF
[2026-05-12 02:43:41.519] [DEBUG] Reg[0x1D]: 0x0000
[2026-05-12 02:43:41.520] [DEBUG] Reg[0x22]: 0xAF04
[2026-05-12 02:43:41.520] [DEBUG] Reg[0x24]: 0x0000
[2026-05-12 02:43:41.520] [DEBUG] Reg[0x25]: 0x8700
[2026-05-12 02:43:41.520] [DEBUG] Reg[0x2E]: 0x0010
[2026-05-12 02:43:41.522] [DEBUG] Reg[0x2F]: 0x08FC
[2026-05-12 02:43:41.522] [DEBUG] Reg[0x30]: 0x0078
[2026-05-12 02:43:41.522] [DEBUG] Reg[0x31]: 0x01F4
[2026-05-12 02:43:41.523] [DEBUG] Reg[0x33]: 0x1401
[2026-05-12 02:43:41.523] [DEBUG] Reg[0x34]: 0x4050
[2026-05-12 02:43:41.523] [DEBUG] Reg[0x3A]: 0x0D0D
[2026-05-12 02:43:41.523] [DEBUG] Reg[0x3C]: 0x27D2
[2026-05-12 02:43:41.880] FM Freq: 91.1 MHz (ラジオ関西)
[2026-05-12 02:43:41.886] RSSI: -70 dBm
[2026-05-12 02:43:41.886] [DEBUG] DSP(KT0913) All Register Read Dump:
[2026-05-12 02:43:41.886] [DEBUG] Reg[0x01]: 0x4B54
[2026-05-12 02:43:41.888] [DEBUG] Reg[0x02]: 0x0007
[2026-05-12 02:43:41.888] [DEBUG] Reg[0x03]: 0x071E
[2026-05-12 02:43:41.888] [DEBUG] Reg[0x04]: 0xE380
[2026-05-12 02:43:41.889] [DEBUG] Reg[0x05]: 0x1000
[2026-05-12 02:43:41.889] [DEBUG] Reg[0x0A]: 0x0001
[2026-05-12 02:43:41.889] [DEBUG] Reg[0x0C]: 0x172C
[2026-05-12 02:43:41.889] [DEBUG] Reg[0x0F]: 0x880F
[2026-05-12 02:43:41.889] [DEBUG] Reg[0x12]: 0xDC50
[2026-05-12 02:43:41.889] [DEBUG] Reg[0x13]: 0x071E
[2026-05-12 02:43:41.889] [DEBUG] Reg[0x14]: 0xA0CF
[2026-05-12 02:43:41.889] [DEBUG] Reg[0x16]: 0x1002
[2026-05-12 02:43:41.889] [DEBUG] Reg[0x17]: 0x01F8
[2026-05-12 02:43:41.892] [DEBUG] Reg[0x18]: 0x1FEF
[2026-05-12 02:43:41.892] [DEBUG] Reg[0x1D]: 0x0000
[2026-05-12 02:43:41.892] [DEBUG] Reg[0x22]: 0xAF04
[2026-05-12 02:43:41.892] [DEBUG] Reg[0x24]: 0x0000
[2026-05-12 02:43:41.892] [DEBUG] Reg[0x25]: 0x8A00
[2026-05-12 02:43:41.892] [DEBUG] Reg[0x2E]: 0x0010
[2026-05-12 02:43:41.892] [DEBUG] Reg[0x2F]: 0x08FC
[2026-05-12 02:43:41.895] [DEBUG] Reg[0x30]: 0x0078
[2026-05-12 02:43:41.895] [DEBUG] Reg[0x31]: 0x01F4
[2026-05-12 02:43:41.895] [DEBUG] Reg[0x33]: 0x1401
[2026-05-12 02:43:41.895] [DEBUG] Reg[0x34]: 0x4050
[2026-05-12 02:43:41.895] [DEBUG] Reg[0x3A]: 0x0D0D
[2026-05-12 02:43:41.895] [DEBUG] Reg[0x3C]: 0x2702
[2026-05-12 02:43:42.505] FM Freq: 76.5 MHz (FM COCOLO)
[2026-05-12 02:43:42.511] RSSI: -61 dBm
[2026-05-12 02:43:42.511] [DEBUG] DSP(KT0913) All Register Read Dump:
[2026-05-12 02:43:42.511] [DEBUG] Reg[0x01]: 0x4B54
[2026-05-12 02:43:42.511] [DEBUG] Reg[0x02]: 0x0007
[2026-05-12 02:43:42.511] [DEBUG] Reg[0x03]: 0x05FA
[2026-05-12 02:43:42.511] [DEBUG] Reg[0x04]: 0xE380
[2026-05-12 02:43:42.514] [DEBUG] Reg[0x05]: 0x1000
[2026-05-12 02:43:42.514] [DEBUG] Reg[0x0A]: 0x0038
[2026-05-12 02:43:42.514] [DEBUG] Reg[0x0C]: 0x182C
[2026-05-12 02:43:42.514] [DEBUG] Reg[0x0F]: 0x880F
[2026-05-12 02:43:42.514] [DEBUG] Reg[0x12]: 0xDC68
[2026-05-12 02:43:42.514] [DEBUG] Reg[0x13]: 0x05FA
[2026-05-12 02:43:42.514] [DEBUG] Reg[0x14]: 0xA38F
[2026-05-12 02:43:42.514] [DEBUG] Reg[0x16]: 0x1002
[2026-05-12 02:43:42.514] [DEBUG] Reg[0x17]: 0x01F8
[2026-05-12 02:43:42.514] [DEBUG] Reg[0x18]: 0x1FEF
[2026-05-12 02:43:42.516] [DEBUG] Reg[0x1D]: 0x0000
[2026-05-12 02:43:42.516] [DEBUG] Reg[0x22]: 0xAF04
[2026-05-12 02:43:42.516] [DEBUG] Reg[0x24]: 0x0000
[2026-05-12 02:43:42.516] [DEBUG] Reg[0x25]: 0x9300
[2026-05-12 02:43:42.516] [DEBUG] Reg[0x2E]: 0x0010
[2026-05-12 02:43:42.519] [DEBUG] Reg[0x2F]: 0x08FC
[2026-05-12 02:43:42.519] [DEBUG] Reg[0x30]: 0x0078
[2026-05-12 02:43:42.519] [DEBUG] Reg[0x31]: 0x01F4
[2026-05-12 02:43:42.519] [DEBUG] Reg[0x33]: 0x1401
[2026-05-12 02:43:42.519] [DEBUG] Reg[0x34]: 0x4050
[2026-05-12 02:43:42.520] [DEBUG] Reg[0x3A]: 0x0D0D
[2026-05-12 02:43:42.520] [DEBUG] Reg[0x3C]: 0x27FB
